0 info it worked if it ends with ok
1 verbose cli [ '/usr/bin/node', '/usr/bin/npm', 'run', 'compile' ]
2 info using npm@3.5.2
3 info using node@v6.11.4
4 verbose run-script [ 'precompile', 'compile', 'postcompile' ]
5 info lifecycle lsp-mulit-root-sample-client-part@0.0.1~precompile: lsp-mulit-root-sample-client-part@0.0.1
6 silly lifecycle lsp-mulit-root-sample-client-part@0.0.1~precompile: no script for precompile, continuing
7 info lifecycle lsp-mulit-root-sample-client-part@0.0.1~compile: lsp-mulit-root-sample-client-part@0.0.1
8 verbose lifecycle lsp-mulit-root-sample-client-part@0.0.1~compile: unsafe-perm in lifecycle true
9 verbose lifecycle lsp-mulit-root-sample-client-part@0.0.1~compile: PATH: /usr/share/npm/bin/node-gyp-bin:/home/luos/development/erlang/erlang-laser/vscode/node_modules/.bin:/usr/local/sbin:/usr/local/bin:/usr/sbin:/usr/bin:/sbin:/bin:/usr/games:/usr/local/games:/snap/bin
10 verbose lifecycle lsp-mulit-root-sample-client-part@0.0.1~compile: CWD: /home/luos/development/erlang/erlang-laser/vscode
11 silly lifecycle lsp-mulit-root-sample-client-part@0.0.1~compile: Args: [ '-c', 'tsc -p ./' ]
12 silly lifecycle lsp-mulit-root-sample-client-part@0.0.1~compile: Returned: code: 2  signal: null
13 info lifecycle lsp-mulit-root-sample-client-part@0.0.1~compile: Failed to exec compile script
14 verbose stack Error: lsp-mulit-root-sample-client-part@0.0.1 compile: `tsc -p ./`
14 verbose stack Exit status 2
14 verbose stack     at EventEmitter.<anonymous> (/usr/share/npm/lib/utils/lifecycle.js:232:16)
14 verbose stack     at emitTwo (events.js:106:13)
14 verbose stack     at EventEmitter.emit (events.js:191:7)
14 verbose stack     at ChildProcess.<anonymous> (/usr/share/npm/lib/utils/spawn.js:24:14)
14 verbose stack     at emitTwo (events.js:106:13)
14 verbose stack     at ChildProcess.emit (events.js:191:7)
14 verbose stack     at maybeClose (internal/child_process.js:920:16)
14 verbose stack     at Process.ChildProcess._handle.onexit (internal/child_process.js:230:5)
15 verbose pkgid lsp-mulit-root-sample-client-part@0.0.1
16 verbose cwd /home/luos/development/erlang/erlang-laser/vscode
17 error Linux 4.13.0-36-generic
18 error argv "/usr/bin/node" "/usr/bin/npm" "run" "compile"
19 error node v6.11.4
20 error npm  v3.5.2
21 error code ELIFECYCLE
22 error lsp-mulit-root-sample-client-part@0.0.1 compile: `tsc -p ./`
22 error Exit status 2
23 error Failed at the lsp-mulit-root-sample-client-part@0.0.1 compile script 'tsc -p ./'.
23 error Make sure you have the latest version of node.js and npm installed.
23 error If you do, this is most likely a problem with the lsp-mulit-root-sample-client-part package,
23 error not with npm itself.
23 error Tell the author that this fails on your system:
23 error     tsc -p ./
23 error You can get information on how to open an issue for this project with:
23 error     npm bugs lsp-mulit-root-sample-client-part
23 error Or if that isn't available, you can get their info via:
23 error     npm owner ls lsp-mulit-root-sample-client-part
23 error There is likely additional logging output above.
24 verbose exit [ 1, true ]
